<?xml version="1.0" encoding="UTF-8"?>
<testng-results ignored="0" total="1" passed="1" failed="0" skipped="0">
  <reporter-output>
  </reporter-output>
  <suite started-at="2020-02-29T00:41:39Z" name="Default suite" finished-at="2020-02-29T00:41:50Z" duration-ms="10891">
    <groups>
      <group name="cucumber">
        <method signature="AbstractTestNGCucumberTests.feature(cucumber.api.testng.CucumberFeatureWrapper)[pri:0, instance:com.test.testRunner.TestRunner@7b02881e]" name="feature" class="cucumber.api.testng.AbstractTestNGCucumberTests"/>
      </group> <!-- cucumber -->
    </groups>
    <test started-at="2020-02-29T00:41:39Z" name="Default test" finished-at="2020-02-29T00:41:50Z" duration-ms="10891">
      <class name="com.test.testRunner.TestRunner">
        <test-method is-config="true" signature="setUp()[pri:0, instance:com.test.testRunner.TestRunner@7b02881e]" started-at="2020-02-29T00:41:39Z" name="setUp" finished-at="2020-02-29T00:41:49Z" duration-ms="9830" status="PASS">
          <reporter-output>
          </reporter-output>
        </test-method> <!-- setUp -->
        <test-method is-config="true" signature="setUpClass()[pri:0, instance:com.test.testRunner.TestRunner@7b02881e]" started-at="2020-02-29T00:41:49Z" name="setUpClass" finished-at="2020-02-29T00:41:49Z" duration-ms="203" status="PASS">
          <reporter-output>
          </reporter-output>
        </test-method> <!-- setUpClass -->
        <test-method signature="feature(cucumber.api.testng.CucumberFeatureWrapper)[pri:0, instance:com.test.testRunner.TestRunner@7b02881e]" started-at="2020-02-29T00:41:49Z" name="feature" description="Runs Cucumber Feature" data-provider="features" finished-at="2020-02-29T00:41:49Z" duration-ms="88" status="PASS">
          <params>
            <param index="0">
              <value>
                <![CDATA[Login Functionality]]>
              </value>
            </param>
          </params>
          <reporter-output>
          </reporter-output>
        </test-method> <!-- feature -->
        <test-method is-config="true" signature="tearDownClass()[pri:0, instance:com.test.testRunner.TestRunner@7b02881e]" started-at="2020-02-29T00:41:49Z" name="tearDownClass" finished-at="2020-02-29T00:41:49Z" duration-ms="13" status="PASS">
          <reporter-output>
          </reporter-output>
        </test-method> <!-- tearDownClass -->
        <test-method is-config="true" signature="tearDown()[pri:0, instance:com.test.testRunner.TestRunner@7b02881e]" started-at="2020-02-29T00:41:49Z" name="tearDown" finished-at="2020-02-29T00:41:50Z" duration-ms="649" status="PASS">
          <reporter-output>
          </reporter-output>
        </test-method> <!-- tearDown -->
      </class> <!-- com.test.testRunner.TestRunner -->
    </test> <!-- Default test -->
  </suite> <!-- Default suite -->
</testng-results>
